0 info it worked if it ends with ok
1 verbose cli [ '/usr/bin/nodejs',
1 verbose cli   '/usr/bin/npm',
1 verbose cli   'install',
1 verbose cli   '--save',
1 verbose cli   'ng-image-input-with-preview' ]
2 info using npm@3.10.3
3 info using node@v6.3.1
4 silly loadCurrentTree Starting
5 silly install loadCurrentTree
6 silly install readLocalPackageData
7 silly fetchPackageMetaData ng-image-input-with-preview
8 silly fetchNamedPackageData ng-image-input-with-preview
9 silly mapToRegistry name ng-image-input-with-preview
10 silly mapToRegistry using default registry
11 silly mapToRegistry registry https://registry.npmjs.org/
12 silly mapToRegistry data Result {
12 silly mapToRegistry   raw: 'ng-image-input-with-preview',
12 silly mapToRegistry   scope: null,
12 silly mapToRegistry   escapedName: 'ng-image-input-with-preview',
12 silly mapToRegistry   name: 'ng-image-input-with-preview',
12 silly mapToRegistry   rawSpec: '',
12 silly mapToRegistry   spec: 'latest',
12 silly mapToRegistry   type: 'tag' }
13 silly mapToRegistry uri https://registry.npmjs.org/ng-image-input-with-preview
14 verbose request uri https://registry.npmjs.org/ng-image-input-with-preview
15 verbose request no auth needed
16 info attempt registry request try #1 at 15:29:09
17 verbose request id 181ca009e0608bc7
18 verbose etag "6DD8SZXR5N23RTXK3LOAJALJQ"
19 http request GET https://registry.npmjs.org/ng-image-input-with-preview
20 http 304 https://registry.npmjs.org/ng-image-input-with-preview
21 verbose headers { date: 'Thu, 22 Sep 2016 12:29:09 GMT',
21 verbose headers   via: '1.1 varnish',
21 verbose headers   'cache-control': 'max-age=300',
21 verbose headers   etag: '"6DD8SZXR5N23RTXK3LOAJALJQ"',
21 verbose headers   age: '161',
21 verbose headers   connection: 'keep-alive',
21 verbose headers   'x-served-by': 'cache-fra1237-FRA',
21 verbose headers   'x-cache': 'HIT',
21 verbose headers   'x-cache-hits': '1',
21 verbose headers   'x-timer': 'S1474547349.306833,VS0,VE0',
21 verbose headers   vary: 'Accept-Encoding' }
22 silly get cb [ 304,
22 silly get   { date: 'Thu, 22 Sep 2016 12:29:09 GMT',
22 silly get     via: '1.1 varnish',
22 silly get     'cache-control': 'max-age=300',
22 silly get     etag: '"6DD8SZXR5N23RTXK3LOAJALJQ"',
22 silly get     age: '161',
22 silly get     connection: 'keep-alive',
22 silly get     'x-served-by': 'cache-fra1237-FRA',
22 silly get     'x-cache': 'HIT',
22 silly get     'x-cache-hits': '1',
22 silly get     'x-timer': 'S1474547349.306833,VS0,VE0',
22 silly get     vary: 'Accept-Encoding' } ]
23 verbose etag https://registry.npmjs.org/ng-image-input-with-preview from cache
24 verbose get saving ng-image-input-with-preview to /home/our/.npm/registry.npmjs.org/ng-image-input-with-preview/.cache.json
25 verbose correctMkdir /home/our/.npm correctMkdir not in flight; initializing
26 silly install normalizeTree
27 silly loadCurrentTree Finishing
28 silly loadIdealTree Starting
29 silly install loadIdealTree
30 silly cloneCurrentTree Starting
31 silly install cloneCurrentTreeToIdealTree
32 silly cloneCurrentTree Finishing
33 silly loadShrinkwrap Starting
34 silly install loadShrinkwrap
35 silly loadShrinkwrap Finishing
36 silly loadAllDepsIntoIdealTree Starting
37 silly install loadAllDepsIntoIdealTree
38 silly resolveWithNewModule ng-image-input-with-preview@0.0.5 checking installable status
39 silly cache add args [ 'ng-image-input-with-preview', null ]
40 verbose cache add spec ng-image-input-with-preview
41 silly cache add parsed spec Result {
41 silly cache add   raw: 'ng-image-input-with-preview',
41 silly cache add   scope: null,
41 silly cache add   escapedName: 'ng-image-input-with-preview',
41 silly cache add   name: 'ng-image-input-with-preview',
41 silly cache add   rawSpec: '',
41 silly cache add   spec: 'latest',
41 silly cache add   type: 'tag' }
42 silly addNamed ng-image-input-with-preview@latest
43 verbose addNamed "latest" is being treated as a dist-tag for ng-image-input-with-preview
44 info addNameTag [ 'ng-image-input-with-preview', 'latest' ]
45 silly mapToRegistry name ng-image-input-with-preview
46 silly mapToRegistry using default registry
47 silly mapToRegistry registry https://registry.npmjs.org/
48 silly mapToRegistry data Result {
48 silly mapToRegistry   raw: 'ng-image-input-with-preview',
48 silly mapToRegistry   scope: null,
48 silly mapToRegistry   escapedName: 'ng-image-input-with-preview',
48 silly mapToRegistry   name: 'ng-image-input-with-preview',
48 silly mapToRegistry   rawSpec: '',
48 silly mapToRegistry   spec: 'latest',
48 silly mapToRegistry   type: 'tag' }
49 silly mapToRegistry uri https://registry.npmjs.org/ng-image-input-with-preview
50 verbose addNameTag registry:https://registry.npmjs.org/ng-image-input-with-preview not in flight; fetching
51 verbose get https://registry.npmjs.org/ng-image-input-with-preview not expired, no request
52 silly addNameTag next cb for ng-image-input-with-preview with tag latest
53 silly addNamed ng-image-input-with-preview@0.0.5
54 verbose addNamed "0.0.5" is a plain semver version for ng-image-input-with-preview
55 silly cache afterAdd ng-image-input-with-preview@0.0.5
56 verbose afterAdd /home/our/.npm/ng-image-input-with-preview/0.0.5/package/package.json not in flight; writing
57 verbose correctMkdir /home/our/.npm correctMkdir not in flight; initializing
58 verbose afterAdd /home/our/.npm/ng-image-input-with-preview/0.0.5/package/package.json written
59 silly fetchNamedPackageData fsevents
60 silly mapToRegistry name fsevents
61 silly mapToRegistry using default registry
62 silly mapToRegistry registry https://registry.npmjs.org/
63 silly mapToRegistry data Result {
63 silly mapToRegistry   raw: 'fsevents',
63 silly mapToRegistry   scope: null,
63 silly mapToRegistry   escapedName: 'fsevents',
63 silly mapToRegistry   name: 'fsevents',
63 silly mapToRegistry   rawSpec: '',
63 silly mapToRegistry   spec: 'latest',
63 silly mapToRegistry   type: 'tag' }
64 silly mapToRegistry uri https://registry.npmjs.org/fsevents
65 verbose request uri https://registry.npmjs.org/fsevents
66 verbose request no auth needed
67 info attempt registry request try #1 at 15:29:10
68 verbose etag "69O0UF1UA8LG7BQRJME2P5RBR"
69 http request GET https://registry.npmjs.org/fsevents
70 http 304 https://registry.npmjs.org/fsevents
71 verbose headers { date: 'Thu, 22 Sep 2016 12:29:10 GMT',
71 verbose headers   via: '1.1 varnish',
71 verbose headers   'cache-control': 'max-age=300',
71 verbose headers   etag: '"69O0UF1UA8LG7BQRJME2P5RBR"',
71 verbose headers   age: '215',
71 verbose headers   connection: 'keep-alive',
71 verbose headers   'x-served-by': 'cache-fra1237-FRA',
71 verbose headers   'x-cache': 'HIT',
71 verbose headers   'x-cache-hits': '26',
71 verbose headers   'x-timer': 'S1474547350.173190,VS0,VE0',
71 verbose headers   vary: 'Accept-Encoding' }
72 silly get cb [ 304,
72 silly get   { date: 'Thu, 22 Sep 2016 12:29:10 GMT',
72 silly get     via: '1.1 varnish',
72 silly get     'cache-control': 'max-age=300',
72 silly get     etag: '"69O0UF1UA8LG7BQRJME2P5RBR"',
72 silly get     age: '215',
72 silly get     connection: 'keep-alive',
72 silly get     'x-served-by': 'cache-fra1237-FRA',
72 silly get     'x-cache': 'HIT',
72 silly get     'x-cache-hits': '26',
72 silly get     'x-timer': 'S1474547350.173190,VS0,VE0',
72 silly get     vary: 'Accept-Encoding' } ]
73 verbose etag https://registry.npmjs.org/fsevents from cache
74 verbose get saving fsevents to /home/our/.npm/registry.npmjs.org/fsevents/.cache.json
75 verbose correctMkdir /home/our/.npm correctMkdir not in flight; initializing
76 silly resolveWithNewModule fsevents@1.0.14 checking installable status
77 silly loadAllDepsIntoIdealTree Finishing
78 silly loadIdealTree Finishing
79 silly currentTree try@0.0.0
79 silly currentTree ├── abbrev@1.0.9
79 silly currentTree ├── accepts@1.2.13
79 silly currentTree ├── acorn-globals@1.0.9
79 silly currentTree ├── acorn@2.7.0
79 silly currentTree ├── addressparser@1.0.1
79 silly currentTree ├─┬ agent-base@2.0.1
79 silly currentTree │ └── semver@5.0.3
79 silly currentTree ├── align-text@0.1.4
79 silly currentTree ├── alter@0.2.0
79 silly currentTree ├── amdefine@1.0.0
79 silly currentTree ├── angular-aria@1.5.8
79 silly currentTree ├── angular-material@1.1.1
79 silly currentTree ├── ansi-regex@2.0.0
79 silly currentTree ├── ansi-styles@2.2.1
79 silly currentTree ├── anymatch@1.3.0
79 silly currentTree ├── arr-diff@2.0.0
79 silly currentTree ├── arr-flatten@1.0.1
79 silly currentTree ├── array-flatten@1.1.1
79 silly currentTree ├── array-unique@0.2.1
79 silly currentTree ├── arrify@1.0.1
79 silly currentTree ├── asap@1.0.0
79 silly currentTree ├── asn1@0.2.3
79 silly currentTree ├── assert-plus@0.2.0
79 silly currentTree ├── ast-traverse@0.1.1
79 silly currentTree ├── ast-types@0.9.0
79 silly currentTree ├── async-each@1.0.1
79 silly currentTree ├── async-series@0.0.1
79 silly currentTree ├── async@0.2.10
79 silly currentTree ├── aws-sign2@0.6.0
79 silly currentTree ├── aws4@1.4.1
79 silly currentTree ├── balanced-match@0.4.2
79 silly currentTree ├── base64-url@1.3.2
79 silly currentTree ├── base64url@1.0.6
79 silly currentTree ├── basic-auth@1.0.4
79 silly currentTree ├── binary-extensions@1.6.0
79 silly currentTree ├─┬ bl@1.1.2
79 silly currentTree │ ├── isarray@1.0.0
79 silly currentTree │ └── readable-stream@2.0.6
79 silly currentTree ├── bluebird@2.10.2
79 silly currentTree ├── body-parser@1.15.2
79 silly currentTree ├── boom@2.10.1
79 silly currentTree ├── brace-expansion@1.1.6
79 silly currentTree ├── braces@1.8.5
79 silly currentTree ├── breakable@1.0.0
79 silly currentTree ├── bson@0.4.23
79 silly currentTree ├── buffer-equal-constant-time@1.0.1
79 silly currentTree ├── buffer-shims@1.0.0
79 silly currentTree ├── buildmail@3.8.0
79 silly currentTree ├── bytes@2.4.0
79 silly currentTree ├── camelcase-keys@1.0.0
79 silly currentTree ├── camelcase@1.2.1
79 silly currentTree ├── caseless@0.11.0
79 silly currentTree ├── center-align@0.1.3
79 silly currentTree ├── chalk@1.1.3
79 silly currentTree ├── character-parser@1.2.1
79 silly currentTree ├── chokidar@1.6.0
79 silly currentTree ├─┬ clean-css@3.4.19
79 silly currentTree │ └── commander@2.8.1
79 silly currentTree ├─┬ cliui@2.1.0
79 silly currentTree │ └── wordwrap@0.0.2
79 silly currentTree ├── co@3.0.6
79 silly currentTree ├── combined-stream@1.0.5
79 silly currentTree ├── commander@2.6.0
79 silly currentTree ├── commoner@0.10.4
79 silly currentTree ├── concat-map@0.0.1
79 silly currentTree ├─┬ concat-stream@1.4.10
79 silly currentTree │ └── readable-stream@1.1.14
79 silly currentTree ├─┬ configstore@1.4.0
79 silly currentTree │ └── object-assign@4.1.0
79 silly currentTree ├─┬ consolidate@0.14.1
79 silly currentTree │ └── bluebird@3.4.3
79 silly currentTree ├── constantinople@3.0.2
79 silly currentTree ├── content-disposition@0.5.1
79 silly currentTree ├── content-type@1.0.2
79 silly currentTree ├── cookie-parser@1.4.3
79 silly currentTree ├── cookie-signature@1.0.6
79 silly currentTree ├── cookie@0.3.1
79 silly currentTree ├── core-util-is@1.0.2
79 silly currentTree ├── cryptiles@2.0.5
79 silly currentTree ├── css-parse@1.0.4
79 silly currentTree ├── css-stringify@1.0.5
79 silly currentTree ├── css@1.0.8
79 silly currentTree ├─┬ dashdash@1.14.0
79 silly currentTree │ └── assert-plus@1.0.0
79 silly currentTree ├── data-uri-to-buffer@0.0.4
79 silly currentTree ├── debug@2.2.0
79 silly currentTree ├── decamelize@1.2.0
79 silly currentTree ├── deep-extend@0.4.1
79 silly currentTree ├── deep-is@0.1.3
79 silly currentTree ├── defined@1.0.0
79 silly currentTree ├─┬ defs@1.1.1
79 silly currentTree │ ├── esprima-fb@15001.1001.0-dev-harmony-fb
79 silly currentTree │ ├── window-size@0.1.4
79 silly currentTree │ └── yargs@3.27.0
79 silly currentTree ├── degenerator@1.0.3
79 silly currentTree ├── delayed-stream@1.0.0
79 silly currentTree ├── depd@1.1.0
79 silly currentTree ├── deprecate@0.1.0
79 silly currentTree ├── destroy@1.0.4
79 silly currentTree ├─┬ detective@4.3.1
79 silly currentTree │ └── acorn@1.2.2
79 silly currentTree ├── duplexer@0.1.1
79 silly currentTree ├─┬ duplexify@3.4.5
79 silly currentTree │ ├── isarray@1.0.0
79 silly currentTree │ └── readable-stream@2.1.5
79 silly currentTree ├── ecc-jsbn@0.1.1
79 silly currentTree ├── ecdsa-sig-formatter@1.0.7
79 silly currentTree ├── ee-first@1.1.1
79 silly currentTree ├── end-of-stream@1.0.0
79 silly currentTree ├── es6-promise@3.0.2
79 silly currentTree ├── escape-html@1.0.3
79 silly currentTree ├── escape-string-regexp@1.0.5
79 silly currentTree ├─┬ escodegen@1.8.1
79 silly currentTree │ └── source-map@0.2.0
79 silly currentTree ├── esprima@2.7.3
79 silly currentTree ├── estraverse@1.9.3
79 silly currentTree ├── esutils@2.0.2
79 silly currentTree ├── etag@1.7.0
79 silly currentTree ├── event-stream@3.3.4
79 silly currentTree ├── expand-brackets@0.1.5
79 silly currentTree ├── expand-range@1.8.2
79 silly currentTree ├─┬ express@4.13.4
79 silly currentTree │ ├── cookie@0.1.5
79 silly currentTree │ └── qs@4.0.0
79 silly currentTree ├── extend@3.0.0
79 silly currentTree ├── extglob@0.3.2
79 silly currentTree ├── extsprintf@1.0.2
79 silly currentTree ├── fast-levenshtein@1.1.4
79 silly currentTree ├── file-uri-to-path@0.0.2
79 silly currentTree ├── filename-regex@2.0.0
79 silly currentTree ├── fill-range@2.2.3
79 silly currentTree ├── finalhandler@0.4.1
79 silly currentTree ├── for-in@0.1.6
79 silly currentTree ├── for-own@0.1.4
79 silly currentTree ├── forever-agent@0.6.1
79 silly currentTree ├─┬ form-data@1.0.1
79 silly currentTree │ └── async@2.0.1
79 silly currentTree ├── forwarded@0.1.0
79 silly currentTree ├── fresh@0.3.0
79 silly currentTree ├── from@0.1.3
79 silly currentTree ├─┬ ftp@0.3.10
79 silly currentTree │ └── readable-stream@1.1.14
79 silly currentTree ├── generate-function@2.0.0
79 silly currentTree ├── generate-object-property@1.2.0
79 silly currentTree ├── generaterr@1.5.0
79 silly currentTree ├── get-stdin@4.0.1
79 silly currentTree ├─┬ get-uri@1.1.0
79 silly currentTree │ ├── isarray@1.0.0
79 silly currentTree │ └── readable-stream@2.1.5
79 silly currentTree ├─┬ getpass@0.1.6
79 silly currentTree │ └── assert-plus@1.0.0
79 silly currentTree ├── glob-base@0.3.0
79 silly currentTree ├── glob-parent@2.0.0
79 silly currentTree ├── glob@5.0.15
79 silly currentTree ├─┬ got@3.3.1
79 silly currentTree │ └── object-assign@3.0.0
79 silly currentTree ├── graceful-fs@4.1.6
79 silly currentTree ├── graceful-readlink@1.0.1
79 silly currentTree ├─┬ har-validator@2.0.6
79 silly currentTree │ └── commander@2.9.0
79 silly currentTree ├── has-ansi@2.0.0
79 silly currentTree ├── hawk@3.1.3
79 silly currentTree ├── hoek@2.16.3
79 silly currentTree ├── hooks-fixed@1.2.0
79 silly currentTree ├── http-errors@1.5.0
79 silly currentTree ├── http-proxy-agent@1.0.0
79 silly currentTree ├── http-signature@1.1.1
79 silly currentTree ├── httpntlm@1.6.1
79 silly currentTree ├── httpreq@0.4.22
79 silly currentTree ├── https-proxy-agent@1.0.0
79 silly currentTree ├── iconv-lite@0.4.13
79 silly currentTree ├── ignore-by-default@1.0.1
79 silly currentTree ├── imurmurhash@0.1.4
79 silly currentTree ├─┬ indent-string@1.2.2
79 silly currentTree │ └── minimist@1.2.0
79 silly currentTree ├── infinity-agent@2.0.3
79 silly currentTree ├── inflection@1.7.2
79 silly currentTree ├── inflight@1.0.5
79 silly currentTree ├── inherits@2.0.1
79 silly currentTree ├── ini@1.3.4
79 silly currentTree ├── invert-kv@1.0.0
79 silly currentTree ├── ip@1.1.3
79 silly currentTree ├── ipaddr.js@1.0.5
79 silly currentTree ├── is-binary-path@1.0.1
79 silly currentTree ├── is-buffer@1.1.4
79 silly currentTree ├── is-dotfile@1.0.2
79 silly currentTree ├── is-equal-shallow@0.1.3
79 silly currentTree ├── is-extendable@0.1.1
79 silly currentTree ├── is-extglob@1.0.0
79 silly currentTree ├── is-finite@1.0.1
79 silly currentTree ├── is-glob@2.0.1
79 silly currentTree ├── is-my-json-valid@2.13.1
79 silly currentTree ├── is-npm@1.0.0
79 silly currentTree ├── is-number@2.1.0
79 silly currentTree ├── is-posix-bracket@0.1.1
79 silly currentTree ├── is-primitive@2.0.0
79 silly currentTree ├── is-promise@2.1.0
79 silly currentTree ├── is-property@1.0.2
79 silly currentTree ├── is-redirect@1.0.0
79 silly currentTree ├── is-stream@1.1.0
79 silly currentTree ├── is-typedarray@1.0.0
79 silly currentTree ├── isarray@0.0.1
79 silly currentTree ├─┬ isobject@2.1.0
79 silly currentTree │ └── isarray@1.0.0
79 silly currentTree ├── isstream@0.1.2
79 silly currentTree ├── jade@1.11.0
79 silly currentTree ├── jodid25519@1.0.2
79 silly currentTree ├── jsbn@0.1.0
79 silly currentTree ├── json-schema@0.2.2
79 silly currentTree ├── json-stringify-safe@5.0.1
79 silly currentTree ├── jsonpointer@2.0.0
79 silly currentTree ├── jsonwebtoken@5.7.0
79 silly currentTree ├── jsprim@1.3.0
79 silly currentTree ├── jstransformer@0.0.2
79 silly currentTree ├── jwa@1.1.3
79 silly currentTree ├── jws@3.1.3
79 silly currentTree ├── jwt-simple@0.1.0
79 silly currentTree ├── kareem@1.1.3
79 silly currentTree ├── kind-of@3.0.4
79 silly currentTree ├── latest-version@1.0.1
79 silly currentTree ├── lazy-cache@1.0.4
79 silly currentTree ├── lcid@1.0.0
79 silly currentTree ├── levn@0.3.0
79 silly currentTree ├── libbase64@0.1.0
79 silly currentTree ├── libmime@2.0.3
79 silly currentTree ├── libqp@1.1.0
79 silly currentTree ├── lodash._baseassign@3.2.0
79 silly currentTree ├── lodash._basecopy@3.0.1
79 silly currentTree ├── lodash._bindcallback@3.0.1
79 silly currentTree ├── lodash._createassigner@3.1.1
79 silly currentTree ├── lodash._getnative@3.9.1
79 silly currentTree ├── lodash._isiterateecall@3.0.9
79 silly currentTree ├── lodash.assign@3.2.0
79 silly currentTree ├── lodash.defaults@3.1.2
79 silly currentTree ├── lodash.isarguments@3.1.0
79 silly currentTree ├── lodash.isarray@3.0.4
79 silly currentTree ├── lodash.keys@3.1.2
79 silly currentTree ├── lodash.pickby@4.6.0
79 silly currentTree ├── lodash.restparam@3.6.1
79 silly currentTree ├── lodash.some@4.6.0
79 silly currentTree ├── lodash.startswith@4.2.1
79 silly currentTree ├── lodash@4.15.0
79 silly currentTree ├── longest@1.0.1
79 silly currentTree ├── lowercase-keys@1.0.0
79 silly currentTree ├── lru-cache@2.6.5
79 silly currentTree ├── mailcomposer@3.10.0
79 silly currentTree ├─┬ mailgun-js@0.7.10
79 silly currentTree │ └── async@1.5.2
79 silly currentTree ├── map-obj@1.0.1
79 silly currentTree ├── map-stream@0.1.0
79 silly currentTree ├── media-typer@0.3.0
79 silly currentTree ├─┬ meow@2.0.0
79 silly currentTree │ └── minimist@1.2.0
79 silly currentTree ├── merge-descriptors@1.0.1
79 silly currentTree ├── methods@1.1.2
79 silly currentTree ├── micromatch@2.3.11
79 silly currentTree ├── mime-db@1.23.0
79 silly currentTree ├── mime-types@2.1.11
79 silly currentTree ├── mime@1.3.4
79 silly currentTree ├── minimatch@3.0.3
79 silly currentTree ├── minimist@0.0.8
79 silly currentTree ├── mkdirp@0.5.1
79 silly currentTree ├── moment@2.11.1
79 silly currentTree ├── mongodb-core@1.3.18
79 silly currentTree ├── mongodb@2.1.18
79 silly currentTree ├── mongoose-currency@0.2.0
79 silly currentTree ├─┬ mongoose@4.5.10
79 silly currentTree │ └── async@1.5.2
79 silly currentTree ├─┬ morgan@1.6.1
79 silly currentTree │ └── depd@1.0.1
79 silly currentTree ├── mpath@0.2.1
79 silly currentTree ├── mpromise@0.5.5
79 silly currentTree ├─┬ mquery@1.11.0
79 silly currentTree │ └── sliced@0.0.5
79 silly currentTree ├── ms@0.7.1
79 silly currentTree ├── muri@1.1.0
79 silly currentTree ├── negotiator@0.5.3
79 silly currentTree ├── nested-error-stacks@1.0.2
79 silly currentTree ├── netmask@1.0.6
79 silly currentTree ├── node-uuid@1.4.7
79 silly currentTree ├── nodemailer-direct-transport@3.2.0
79 silly currentTree ├── nodemailer-fetch@1.4.0
79 silly currentTree ├── nodemailer-mailgun-transport@1.2.2
79 silly currentTree ├── nodemailer-shared@1.0.5
79 silly currentTree ├── nodemailer-smtp-pool@2.7.0
79 silly currentTree ├── nodemailer-smtp-transport@2.6.0
79 silly currentTree ├── nodemailer-wellknown@0.1.10
79 silly currentTree ├── nodemailer@2.5.0
79 silly currentTree ├── nodemon@1.10.2
79 silly currentTree ├── nopt@1.0.10
79 silly currentTree ├── normalize-path@2.0.1
79 silly currentTree ├── number-is-nan@1.0.0
79 silly currentTree ├── oauth-sign@0.8.2
79 silly currentTree ├── oauth@0.9.14
79 silly currentTree ├── object-assign@1.0.0
79 silly currentTree ├── object.omit@2.0.0
79 silly currentTree ├── on-finished@2.3.0
79 silly currentTree ├── on-headers@1.0.1
79 silly currentTree ├── once@1.3.3
79 silly currentTree ├── optimist@0.3.7
79 silly currentTree ├─┬ optionator@0.8.1
79 silly currentTree │ └── wordwrap@1.0.0
79 silly currentTree ├── os-homedir@1.0.1
79 silly currentTree ├── os-locale@1.4.0
79 silly currentTree ├── os-tmpdir@1.0.1
79 silly currentTree ├── osenv@0.1.3
79 silly currentTree ├── pac-proxy-agent@1.0.0
79 silly currentTree ├── pac-resolver@1.2.6
79 silly currentTree ├── package-json@1.2.0
79 silly currentTree ├── parse-glob@3.0.4
79 silly currentTree ├── parseurl@1.3.1
79 silly currentTree ├── passport-facebook@2.1.1
79 silly currentTree ├── passport-local-mongoose@4.0.0
79 silly currentTree ├── passport-local@1.0.0
79 silly currentTree ├── passport-oauth2@1.3.0
79 silly currentTree ├── passport-strategy@1.0.0
79 silly currentTree ├── passport@0.3.2
79 silly currentTree ├── path-is-absolute@1.0.0
79 silly currentTree ├─┬ path-proxy@1.0.0
79 silly currentTree │ └── inflection@1.3.8
79 silly currentTree ├── path-to-regexp@0.1.7
79 silly currentTree ├── pause-stream@0.0.11
79 silly currentTree ├── pause@0.0.1
79 silly currentTree ├── pinkie-promise@2.0.1
79 silly currentTree ├── pinkie@2.0.4
79 silly currentTree ├── pop-iterate@1.0.1
79 silly currentTree ├── prelude-ls@1.1.2
79 silly currentTree ├── prepend-http@1.0.4
79 silly currentTree ├── preserve@0.2.0
79 silly currentTree ├── private@0.1.6
79 silly currentTree ├── process-nextick-args@1.0.7
79 silly currentTree ├── promise@6.1.0
79 silly currentTree ├── proxy-addr@1.0.10
79 silly currentTree ├── proxy-agent@2.0.0
79 silly currentTree ├── ps-tree@1.1.0
79 silly currentTree ├── q@1.4.1
79 silly currentTree ├── qs@6.2.0
79 silly currentTree ├── randomatic@1.1.5
79 silly currentTree ├── range-parser@1.0.3
79 silly currentTree ├── raw-body@2.1.7
79 silly currentTree ├─┬ rc@1.1.6
79 silly currentTree │ └── minimist@1.2.0
79 silly currentTree ├─┬ read-all-stream@3.1.0
79 silly currentTree │ ├── isarray@1.0.0
79 silly currentTree │ └── readable-stream@2.1.5
79 silly currentTree ├── readable-stream@1.0.31
79 silly currentTree ├─┬ readdirp@2.1.0
79 silly currentTree │ ├── isarray@1.0.0
79 silly currentTree │ └── readable-stream@2.1.5
79 silly currentTree ├─┬ recast@0.10.33
79 silly currentTree │ ├── ast-types@0.8.12
79 silly currentTree │ ├── esprima-fb@15001.1001.0-dev-harmony-fb
79 silly currentTree │ └── source-map@0.5.6
79 silly currentTree ├── regenerator-runtime@0.9.5
79 silly currentTree ├─┬ regenerator@0.8.46
79 silly currentTree │ └── esprima-fb@15001.1001.0-dev-harmony-fb
79 silly currentTree ├── regex-cache@0.4.3
79 silly currentTree ├── regexp-clone@0.0.1
79 silly currentTree ├── registry-url@3.1.0
79 silly currentTree ├── repeat-element@1.1.2
79 silly currentTree ├── repeat-string@1.5.4
79 silly currentTree ├── repeating@1.1.3
79 silly currentTree ├── request@2.74.0
79 silly currentTree ├── require_optional@1.0.0
79 silly currentTree ├── resolve-from@2.0.0
79 silly currentTree ├── right-align@0.1.3
79 silly currentTree ├── rootpath@0.1.2
79 silly currentTree ├── scmp@1.0.0
79 silly currentTree ├── semver-diff@2.1.0
79 silly currentTree ├── semver@5.3.0
79 silly currentTree ├─┬ send@0.13.1
79 silly currentTree │ ├── http-errors@1.3.1
79 silly currentTree │ └── statuses@1.2.1
79 silly currentTree ├── serve-favicon@2.3.0
79 silly currentTree ├─┬ serve-static@1.10.3
79 silly currentTree │ ├── http-errors@1.3.1
79 silly currentTree │ ├── send@0.13.2
79 silly currentTree │ └── statuses@1.2.1
79 silly currentTree ├── set-immediate-shim@1.0.1
79 silly currentTree ├── setprototypeof@1.0.1
79 silly currentTree ├── simple-fmt@0.1.0
79 silly currentTree ├── simple-is@0.2.0
79 silly currentTree ├── sinch-auth@0.0.1
79 silly currentTree ├── sinch-messaging@0.0.1
79 silly currentTree ├── sliced@1.0.1
79 silly currentTree ├── slide@1.1.6
79 silly currentTree ├── smart-buffer@1.0.11
79 silly currentTree ├── smtp-connection@2.8.0
79 silly currentTree ├── sntp@1.0.9
79 silly currentTree ├── socks-proxy-agent@2.0.0
79 silly currentTree ├── socks@1.1.9
79 silly currentTree ├── source-map@0.4.4
79 silly currentTree ├── split@0.3.3
79 silly currentTree ├─┬ sshpk@1.9.2
79 silly currentTree │ └── assert-plus@1.0.0
79 silly currentTree ├── stable@0.1.5
79 silly currentTree ├── statuses@1.3.0
79 silly currentTree ├── stream-combiner@0.0.4
79 silly currentTree ├── stream-shift@1.0.0
79 silly currentTree ├── stream-to-buffer@0.1.0
79 silly currentTree ├── stream-to@0.2.2
79 silly currentTree ├── string_decoder@0.10.31
79 silly currentTree ├── string-length@1.0.1
79 silly currentTree ├── stringmap@0.2.2
79 silly currentTree ├── stringset@0.2.1
79 silly currentTree ├── stringstream@0.0.5
79 silly currentTree ├── strip-ansi@3.0.1
79 silly currentTree ├── strip-json-comments@1.0.4
79 silly currentTree ├── supports-color@2.0.0
79 silly currentTree ├── through@2.3.8
79 silly currentTree ├── thunkify@2.1.2
79 silly currentTree ├── timed-out@2.0.0
79 silly currentTree ├── touch@1.0.0
79 silly currentTree ├── tough-cookie@2.3.1
79 silly currentTree ├─┬ transformers@2.1.0
79 silly currentTree │ ├── is-promise@1.0.1
79 silly currentTree │ ├── promise@2.0.0
79 silly currentTree │ ├── source-map@0.1.43
79 silly currentTree │ └── uglify-js@2.2.5
79 silly currentTree ├── tryor@0.1.2
79 silly currentTree ├── tunnel-agent@0.4.3
79 silly currentTree ├── tweetnacl@0.13.3
79 silly currentTree ├─┬ twilio@3.0.0-rc.5
79 silly currentTree │ ├── asap@2.0.4
79 silly currentTree │ ├── bl@1.0.3
79 silly currentTree │ ├── isarray@1.0.0
79 silly currentTree │ ├── jsonwebtoken@5.4.1
79 silly currentTree │ ├── lodash@4.0.0
79 silly currentTree │ ├── q@2.0.3
79 silly currentTree │ ├── qs@5.2.1
79 silly currentTree │ ├── readable-stream@2.0.6
79 silly currentTree │ ├── request@2.67.0
79 silly currentTree │ ├── scmp@0.0.3
79 silly currentTree │ └── tough-cookie@2.2.2
79 silly currentTree ├── type-check@0.3.2
79 silly currentTree ├── type-is@1.6.13
79 silly currentTree ├── typedarray@0.0.6
79 silly currentTree ├─┬ uglify-js@2.7.3
79 silly currentTree │ └── source-map@0.5.6
79 silly currentTree ├── uglify-to-browserify@1.0.2
79 silly currentTree ├── uid2@0.0.3
79 silly currentTree ├── undefsafe@0.0.3
79 silly currentTree ├── underscore@1.7.0
79 silly currentTree ├── unpipe@1.0.0
79 silly currentTree ├── update-notifier@0.5.0
79 silly currentTree ├── util-deprecate@1.0.2
79 silly currentTree ├── utils-merge@1.0.0
79 silly currentTree ├── uuid@2.0.2
79 silly currentTree ├── vary@1.0.1
79 silly currentTree ├── verror@1.3.6
79 silly currentTree ├── void-elements@2.0.1
79 silly currentTree ├── weak-map@1.0.5
79 silly currentTree ├── window-size@0.1.0
79 silly currentTree ├─┬ with@4.0.3
79 silly currentTree │ └── acorn@1.2.2
79 silly currentTree ├── wordwrap@0.0.3
79 silly currentTree ├── wrappy@1.0.2
79 silly currentTree ├── write-file-atomic@1.2.0
79 silly currentTree ├── xdg-basedir@2.0.0
79 silly currentTree ├── xregexp@2.0.0
79 silly currentTree ├── xtend@4.0.1
79 silly currentTree ├── y18n@3.2.1
79 silly currentTree └── yargs@3.10.0
80 silly idealTree try@0.0.0
80 silly idealTree ├── abbrev@1.0.9
80 silly idealTree ├── accepts@1.2.13
80 silly idealTree ├── acorn-globals@1.0.9
80 silly idealTree ├── acorn@2.7.0
80 silly idealTree ├── addressparser@1.0.1
80 silly idealTree ├─┬ agent-base@2.0.1
80 silly idealTree │ └── semver@5.0.3
80 silly idealTree ├── align-text@0.1.4
80 silly idealTree ├── alter@0.2.0
80 silly idealTree ├── amdefine@1.0.0
80 silly idealTree ├── angular-aria@1.5.8
80 silly idealTree ├── angular-material@1.1.1
80 silly idealTree ├── ansi-regex@2.0.0
80 silly idealTree ├── ansi-styles@2.2.1
80 silly idealTree ├── anymatch@1.3.0
80 silly idealTree ├── arr-diff@2.0.0
80 silly idealTree ├── arr-flatten@1.0.1
80 silly idealTree ├── array-flatten@1.1.1
80 silly idealTree ├── array-unique@0.2.1
80 silly idealTree ├── arrify@1.0.1
80 silly idealTree ├── asap@1.0.0
80 silly idealTree ├── asn1@0.2.3
80 silly idealTree ├── assert-plus@0.2.0
80 silly idealTree ├── ast-traverse@0.1.1
80 silly idealTree ├── ast-types@0.9.0
80 silly idealTree ├── async-each@1.0.1
80 silly idealTree ├── async-series@0.0.1
80 silly idealTree ├── async@0.2.10
80 silly idealTree ├── aws-sign2@0.6.0
80 silly idealTree ├── aws4@1.4.1
80 silly idealTree ├── balanced-match@0.4.2
80 silly idealTree ├── base64-url@1.3.2
80 silly idealTree ├── base64url@1.0.6
80 silly idealTree ├── basic-auth@1.0.4
80 silly idealTree ├── binary-extensions@1.6.0
80 silly idealTree ├─┬ bl@1.1.2
80 silly idealTree │ ├── isarray@1.0.0
80 silly idealTree │ └── readable-stream@2.0.6
80 silly idealTree ├── bluebird@2.10.2
80 silly idealTree ├── body-parser@1.15.2
80 silly idealTree ├── boom@2.10.1
80 silly idealTree ├── brace-expansion@1.1.6
80 silly idealTree ├── braces@1.8.5
80 silly idealTree ├── breakable@1.0.0
80 silly idealTree ├── bson@0.4.23
80 silly idealTree ├── buffer-equal-constant-time@1.0.1
80 silly idealTree ├── buffer-shims@1.0.0
80 silly idealTree ├── buildmail@3.8.0
80 silly idealTree ├── bytes@2.4.0
80 silly idealTree ├── camelcase-keys@1.0.0
80 silly idealTree ├── camelcase@1.2.1
80 silly idealTree ├── caseless@0.11.0
80 silly idealTree ├── center-align@0.1.3
80 silly idealTree ├── chalk@1.1.3
80 silly idealTree ├── character-parser@1.2.1
80 silly idealTree ├── chokidar@1.6.0
80 silly idealTree ├─┬ clean-css@3.4.19
80 silly idealTree │ └── commander@2.8.1
80 silly idealTree ├─┬ cliui@2.1.0
80 silly idealTree │ └── wordwrap@0.0.2
80 silly idealTree ├── co@3.0.6
80 silly idealTree ├── combined-stream@1.0.5
80 silly idealTree ├── commander@2.6.0
80 silly idealTree ├── commoner@0.10.4
80 silly idealTree ├── concat-map@0.0.1
80 silly idealTree ├─┬ concat-stream@1.4.10
80 silly idealTree │ └── readable-stream@1.1.14
80 silly idealTree ├─┬ configstore@1.4.0
80 silly idealTree │ └── object-assign@4.1.0
80 silly idealTree ├─┬ consolidate@0.14.1
80 silly idealTree │ └── bluebird@3.4.3
80 silly idealTree ├── constantinople@3.0.2
80 silly idealTree ├── content-disposition@0.5.1
80 silly idealTree ├── content-type@1.0.2
80 silly idealTree ├── cookie-parser@1.4.3
80 silly idealTree ├── cookie-signature@1.0.6
80 silly idealTree ├── cookie@0.3.1
80 silly idealTree ├── core-util-is@1.0.2
80 silly idealTree ├── cryptiles@2.0.5
80 silly idealTree ├── css-parse@1.0.4
80 silly idealTree ├── css-stringify@1.0.5
80 silly idealTree ├── css@1.0.8
80 silly idealTree ├─┬ dashdash@1.14.0
80 silly idealTree │ └── assert-plus@1.0.0
80 silly idealTree ├── data-uri-to-buffer@0.0.4
80 silly idealTree ├── debug@2.2.0
80 silly idealTree ├── decamelize@1.2.0
80 silly idealTree ├── deep-extend@0.4.1
80 silly idealTree ├── deep-is@0.1.3
80 silly idealTree ├── defined@1.0.0
80 silly idealTree ├─┬ defs@1.1.1
80 silly idealTree │ ├── esprima-fb@15001.1001.0-dev-harmony-fb
80 silly idealTree │ ├── window-size@0.1.4
80 silly idealTree │ └── yargs@3.27.0
80 silly idealTree ├── degenerator@1.0.3
80 silly idealTree ├── delayed-stream@1.0.0
80 silly idealTree ├── depd@1.1.0
80 silly idealTree ├── deprecate@0.1.0
80 silly idealTree ├── destroy@1.0.4
80 silly idealTree ├─┬ detective@4.3.1
80 silly idealTree │ └── acorn@1.2.2
80 silly idealTree ├── duplexer@0.1.1
80 silly idealTree ├─┬ duplexify@3.4.5
80 silly idealTree │ ├── isarray@1.0.0
80 silly idealTree │ └── readable-stream@2.1.5
80 silly idealTree ├── ecc-jsbn@0.1.1
80 silly idealTree ├── ecdsa-sig-formatter@1.0.7
80 silly idealTree ├── ee-first@1.1.1
80 silly idealTree ├── end-of-stream@1.0.0
80 silly idealTree ├── es6-promise@3.0.2
80 silly idealTree ├── escape-html@1.0.3
80 silly idealTree ├── escape-string-regexp@1.0.5
80 silly idealTree ├─┬ escodegen@1.8.1
80 silly idealTree │ └── source-map@0.2.0
80 silly idealTree ├── esprima@2.7.3
80 silly idealTree ├── estraverse@1.9.3
80 silly idealTree ├── esutils@2.0.2
80 silly idealTree ├── etag@1.7.0
80 silly idealTree ├── event-stream@3.3.4
80 silly idealTree ├── expand-brackets@0.1.5
80 silly idealTree ├── expand-range@1.8.2
80 silly idealTree ├─┬ express@4.13.4
80 silly idealTree │ ├── cookie@0.1.5
80 silly idealTree │ └── qs@4.0.0
80 silly idealTree ├── extend@3.0.0
80 silly idealTree ├── extglob@0.3.2
80 silly idealTree ├── extsprintf@1.0.2
80 silly idealTree ├── fast-levenshtein@1.1.4
80 silly idealTree ├── file-uri-to-path@0.0.2
80 silly idealTree ├── filename-regex@2.0.0
80 silly idealTree ├── fill-range@2.2.3
80 silly idealTree ├── finalhandler@0.4.1
80 silly idealTree ├── for-in@0.1.6
80 silly idealTree ├── for-own@0.1.4
80 silly idealTree ├── forever-agent@0.6.1
80 silly idealTree ├─┬ form-data@1.0.1
80 silly idealTree │ └── async@2.0.1
80 silly idealTree ├── forwarded@0.1.0
80 silly idealTree ├── fresh@0.3.0
80 silly idealTree ├── from@0.1.3
80 silly idealTree ├─┬ ftp@0.3.10
80 silly idealTree │ └── readable-stream@1.1.14
80 silly idealTree ├── generate-function@2.0.0
80 silly idealTree ├── generate-object-property@1.2.0
80 silly idealTree ├── generaterr@1.5.0
80 silly idealTree ├── get-stdin@4.0.1
80 silly idealTree ├─┬ get-uri@1.1.0
80 silly idealTree │ ├── isarray@1.0.0
80 silly idealTree │ └── readable-stream@2.1.5
80 silly idealTree ├─┬ getpass@0.1.6
80 silly idealTree │ └── assert-plus@1.0.0
80 silly idealTree ├── glob-base@0.3.0
80 silly idealTree ├── glob-parent@2.0.0
80 silly idealTree ├── glob@5.0.15
80 silly idealTree ├─┬ got@3.3.1
80 silly idealTree │ └── object-assign@3.0.0
80 silly idealTree ├── graceful-fs@4.1.6
80 silly idealTree ├── graceful-readlink@1.0.1
80 silly idealTree ├─┬ har-validator@2.0.6
80 silly idealTree │ └── commander@2.9.0
80 silly idealTree ├── has-ansi@2.0.0
80 silly idealTree ├── hawk@3.1.3
80 silly idealTree ├── hoek@2.16.3
80 silly idealTree ├── hooks-fixed@1.2.0
80 silly idealTree ├── http-errors@1.5.0
80 silly idealTree ├── http-proxy-agent@1.0.0
80 silly idealTree ├── http-signature@1.1.1
80 silly idealTree ├── httpntlm@1.6.1
80 silly idealTree ├── httpreq@0.4.22
80 silly idealTree ├── https-proxy-agent@1.0.0
80 silly idealTree ├── iconv-lite@0.4.13
80 silly idealTree ├── ignore-by-default@1.0.1
80 silly idealTree ├── imurmurhash@0.1.4
80 silly idealTree ├─┬ indent-string@1.2.2
80 silly idealTree │ └── minimist@1.2.0
80 silly idealTree ├── infinity-agent@2.0.3
80 silly idealTree ├── inflection@1.7.2
80 silly idealTree ├── inflight@1.0.5
80 silly idealTree ├── inherits@2.0.1
80 silly idealTree ├── ini@1.3.4
80 silly idealTree ├── invert-kv@1.0.0
80 silly idealTree ├── ip@1.1.3
80 silly idealTree ├── ipaddr.js@1.0.5
80 silly idealTree ├── is-binary-path@1.0.1
80 silly idealTree ├── is-buffer@1.1.4
80 silly idealTree ├── is-dotfile@1.0.2
80 silly idealTree ├── is-equal-shallow@0.1.3
80 silly idealTree ├── is-extendable@0.1.1
80 silly idealTree ├── is-extglob@1.0.0
80 silly idealTree ├── is-finite@1.0.1
80 silly idealTree ├── is-glob@2.0.1
80 silly idealTree ├── is-my-json-valid@2.13.1
80 silly idealTree ├── is-npm@1.0.0
80 silly idealTree ├── is-number@2.1.0
80 silly idealTree ├── is-posix-bracket@0.1.1
80 silly idealTree ├── is-primitive@2.0.0
80 silly idealTree ├── is-promise@2.1.0
80 silly idealTree ├── is-property@1.0.2
80 silly idealTree ├── is-redirect@1.0.0
80 silly idealTree ├── is-stream@1.1.0
80 silly idealTree ├── is-typedarray@1.0.0
80 silly idealTree ├── isarray@0.0.1
80 silly idealTree ├─┬ isobject@2.1.0
80 silly idealTree │ └── isarray@1.0.0
80 silly idealTree ├── isstream@0.1.2
80 silly idealTree ├── jade@1.11.0
80 silly idealTree ├── jodid25519@1.0.2
80 silly idealTree ├── jsbn@0.1.0
80 silly idealTree ├── json-schema@0.2.2
80 silly idealTree ├── json-stringify-safe@5.0.1
80 silly idealTree ├── jsonpointer@2.0.0
80 silly idealTree ├── jsonwebtoken@5.7.0
80 silly idealTree ├── jsprim@1.3.0
80 silly idealTree ├── jstransformer@0.0.2
80 silly idealTree ├── jwa@1.1.3
80 silly idealTree ├── jws@3.1.3
80 silly idealTree ├── jwt-simple@0.1.0
80 silly idealTree ├── kareem@1.1.3
80 silly idealTree ├── kind-of@3.0.4
80 silly idealTree ├── latest-version@1.0.1
80 silly idealTree ├── lazy-cache@1.0.4
80 silly idealTree ├── lcid@1.0.0
80 silly idealTree ├── levn@0.3.0
80 silly idealTree ├── libbase64@0.1.0
80 silly idealTree ├── libmime@2.0.3
80 silly idealTree ├── libqp@1.1.0
80 silly idealTree ├── lodash._baseassign@3.2.0
80 silly idealTree ├── lodash._basecopy@3.0.1
80 silly idealTree ├── lodash._bindcallback@3.0.1
80 silly idealTree ├── lodash._createassigner@3.1.1
80 silly idealTree ├── lodash._getnative@3.9.1
80 silly idealTree ├── lodash._isiterateecall@3.0.9
80 silly idealTree ├── lodash.assign@3.2.0
80 silly idealTree ├── lodash.defaults@3.1.2
80 silly idealTree ├── lodash.isarguments@3.1.0
80 silly idealTree ├── lodash.isarray@3.0.4
80 silly idealTree ├── lodash.keys@3.1.2
80 silly idealTree ├── lodash.pickby@4.6.0
80 silly idealTree ├── lodash.restparam@3.6.1
80 silly idealTree ├── lodash.some@4.6.0
80 silly idealTree ├── lodash.startswith@4.2.1
80 silly idealTree ├── lodash@4.15.0
80 silly idealTree ├── longest@1.0.1
80 silly idealTree ├── lowercase-keys@1.0.0
80 silly idealTree ├── lru-cache@2.6.5
80 silly idealTree ├── mailcomposer@3.10.0
80 silly idealTree ├─┬ mailgun-js@0.7.10
80 silly idealTree │ └── async@1.5.2
80 silly idealTree ├── map-obj@1.0.1
80 silly idealTree ├── map-stream@0.1.0
80 silly idealTree ├── media-typer@0.3.0
80 silly idealTree ├─┬ meow@2.0.0
80 silly idealTree │ └── minimist@1.2.0
80 silly idealTree ├── merge-descriptors@1.0.1
80 silly idealTree ├── methods@1.1.2
80 silly idealTree ├── micromatch@2.3.11
80 silly idealTree ├── mime-db@1.23.0
80 silly idealTree ├── mime-types@2.1.11
80 silly idealTree ├── mime@1.3.4
80 silly idealTree ├── minimatch@3.0.3
80 silly idealTree ├── minimist@0.0.8
80 silly idealTree ├── mkdirp@0.5.1
80 silly idealTree ├── moment@2.11.1
80 silly idealTree ├── mongodb-core@1.3.18
80 silly idealTree ├── mongodb@2.1.18
80 silly idealTree ├── mongoose-currency@0.2.0
80 silly idealTree ├─┬ mongoose@4.5.10
80 silly idealTree │ └── async@1.5.2
80 silly idealTree ├─┬ morgan@1.6.1
80 silly idealTree │ └── depd@1.0.1
80 silly idealTree ├── mpath@0.2.1
80 silly idealTree ├── mpromise@0.5.5
80 silly idealTree ├─┬ mquery@1.11.0
80 silly idealTree │ └── sliced@0.0.5
80 silly idealTree ├── ms@0.7.1
80 silly idealTree ├── muri@1.1.0
80 silly idealTree ├── negotiator@0.5.3
80 silly idealTree ├── nested-error-stacks@1.0.2
80 silly idealTree ├── netmask@1.0.6
80 silly idealTree ├── ng-image-input-with-preview@0.0.5
80 silly idealTree ├── node-uuid@1.4.7
80 silly idealTree ├── nodemailer-direct-transport@3.2.0
80 silly idealTree ├── nodemailer-fetch@1.4.0
80 silly idealTree ├── nodemailer-mailgun-transport@1.2.2
80 silly idealTree ├── nodemailer-shared@1.0.5
80 silly idealTree ├── nodemailer-smtp-pool@2.7.0
80 silly idealTree ├── nodemailer-smtp-transport@2.6.0
80 silly idealTree ├── nodemailer-wellknown@0.1.10
80 silly idealTree ├── nodemailer@2.5.0
80 silly idealTree ├── nodemon@1.10.2
80 silly idealTree ├── nopt@1.0.10
80 silly idealTree ├── normalize-path@2.0.1
80 silly idealTree ├── number-is-nan@1.0.0
80 silly idealTree ├── oauth-sign@0.8.2
80 silly idealTree ├── oauth@0.9.14
80 silly idealTree ├── object-assign@1.0.0
80 silly idealTree ├── object.omit@2.0.0
80 silly idealTree ├── on-finished@2.3.0
80 silly idealTree ├── on-headers@1.0.1
80 silly idealTree ├── once@1.3.3
80 silly idealTree ├── optimist@0.3.7
80 silly idealTree ├─┬ optionator@0.8.1
80 silly idealTree │ └── wordwrap@1.0.0
80 silly idealTree ├── os-homedir@1.0.1
80 silly idealTree ├── os-locale@1.4.0
80 silly idealTree ├── os-tmpdir@1.0.1
80 silly idealTree ├── osenv@0.1.3
80 silly idealTree ├── pac-proxy-agent@1.0.0
80 silly idealTree ├── pac-resolver@1.2.6
80 silly idealTree ├── package-json@1.2.0
80 silly idealTree ├── parse-glob@3.0.4
80 silly idealTree ├── parseurl@1.3.1
80 silly idealTree ├── passport-facebook@2.1.1
80 silly idealTree ├── passport-local-mongoose@4.0.0
80 silly idealTree ├── passport-local@1.0.0
80 silly idealTree ├── passport-oauth2@1.3.0
80 silly idealTree ├── passport-strategy@1.0.0
80 silly idealTree ├── passport@0.3.2
80 silly idealTree ├── path-is-absolute@1.0.0
80 silly idealTree ├─┬ path-proxy@1.0.0
80 silly idealTree │ └── inflection@1.3.8
80 silly idealTree ├── path-to-regexp@0.1.7
80 silly idealTree ├── pause-stream@0.0.11
80 silly idealTree ├── pause@0.0.1
80 silly idealTree ├── pinkie-promise@2.0.1
80 silly idealTree ├── pinkie@2.0.4
80 silly idealTree ├── pop-iterate@1.0.1
80 silly idealTree ├── prelude-ls@1.1.2
80 silly idealTree ├── prepend-http@1.0.4
80 silly idealTree ├── preserve@0.2.0
80 silly idealTree ├── private@0.1.6
80 silly idealTree ├── process-nextick-args@1.0.7
80 silly idealTree ├── promise@6.1.0
80 silly idealTree ├── proxy-addr@1.0.10
80 silly idealTree ├── proxy-agent@2.0.0
80 silly idealTree ├── ps-tree@1.1.0
80 silly idealTree ├── q@1.4.1
80 silly idealTree ├── qs@6.2.0
80 silly idealTree ├── randomatic@1.1.5
80 silly idealTree ├── range-parser@1.0.3
80 silly idealTree ├── raw-body@2.1.7
80 silly idealTree ├─┬ rc@1.1.6
80 silly idealTree │ └── minimist@1.2.0
80 silly idealTree ├─┬ read-all-stream@3.1.0
80 silly idealTree │ ├── isarray@1.0.0
80 silly idealTree │ └── readable-stream@2.1.5
80 silly idealTree ├── readable-stream@1.0.31
80 silly idealTree ├─┬ readdirp@2.1.0
80 silly idealTree │ ├── isarray@1.0.0
80 silly idealTree │ └── readable-stream@2.1.5
80 silly idealTree ├─┬ recast@0.10.33
80 silly idealTree │ ├── ast-types@0.8.12
80 silly idealTree │ ├── esprima-fb@15001.1001.0-dev-harmony-fb
80 silly idealTree │ └── source-map@0.5.6
80 silly idealTree ├── regenerator-runtime@0.9.5
80 silly idealTree ├─┬ regenerator@0.8.46
80 silly idealTree │ └── esprima-fb@15001.1001.0-dev-harmony-fb
80 silly idealTree ├── regex-cache@0.4.3
80 silly idealTree ├── regexp-clone@0.0.1
80 silly idealTree ├── registry-url@3.1.0
80 silly idealTree ├── repeat-element@1.1.2
80 silly idealTree ├── repeat-string@1.5.4
80 silly idealTree ├── repeating@1.1.3
80 silly idealTree ├── request@2.74.0
80 silly idealTree ├── require_optional@1.0.0
80 silly idealTree ├── resolve-from@2.0.0
80 silly idealTree ├── right-align@0.1.3
80 silly idealTree ├── rootpath@0.1.2
80 silly idealTree ├── scmp@1.0.0
80 silly idealTree ├── semver-diff@2.1.0
80 silly idealTree ├── semver@5.3.0
80 silly idealTree ├─┬ send@0.13.1
80 silly idealTree │ ├── http-errors@1.3.1
80 silly idealTree │ └── statuses@1.2.1
80 silly idealTree ├── serve-favicon@2.3.0
80 silly idealTree ├─┬ serve-static@1.10.3
80 silly idealTree │ ├── http-errors@1.3.1
80 silly idealTree │ ├── send@0.13.2
80 silly idealTree │ └── statuses@1.2.1
80 silly idealTree ├── set-immediate-shim@1.0.1
80 silly idealTree ├── setprototypeof@1.0.1
80 silly idealTree ├── simple-fmt@0.1.0
80 silly idealTree ├── simple-is@0.2.0
80 silly idealTree ├── sinch-auth@0.0.1
80 silly idealTree ├── sinch-messaging@0.0.1
80 silly idealTree ├── sliced@1.0.1
80 silly idealTree ├── slide@1.1.6
80 silly idealTree ├── smart-buffer@1.0.11
80 silly idealTree ├── smtp-connection@2.8.0
80 silly idealTree ├── sntp@1.0.9
80 silly idealTree ├── socks-proxy-agent@2.0.0
80 silly idealTree ├── socks@1.1.9
80 silly idealTree ├── source-map@0.4.4
80 silly idealTree ├── split@0.3.3
80 silly idealTree ├─┬ sshpk@1.9.2
80 silly idealTree │ └── assert-plus@1.0.0
80 silly idealTree ├── stable@0.1.5
80 silly idealTree ├── statuses@1.3.0
80 silly idealTree ├── stream-combiner@0.0.4
80 silly idealTree ├── stream-shift@1.0.0
80 silly idealTree ├── stream-to-buffer@0.1.0
80 silly idealTree ├── stream-to@0.2.2
80 silly idealTree ├── string_decoder@0.10.31
80 silly idealTree ├── string-length@1.0.1
80 silly idealTree ├── stringmap@0.2.2
80 silly idealTree ├── stringset@0.2.1
80 silly idealTree ├── stringstream@0.0.5
80 silly idealTree ├── strip-ansi@3.0.1
80 silly idealTree ├── strip-json-comments@1.0.4
80 silly idealTree ├── supports-color@2.0.0
80 silly idealTree ├── through@2.3.8
80 silly idealTree ├── thunkify@2.1.2
80 silly idealTree ├── timed-out@2.0.0
80 silly idealTree ├── touch@1.0.0
80 silly idealTree ├── tough-cookie@2.3.1
80 silly idealTree ├─┬ transformers@2.1.0
80 silly idealTree │ ├── is-promise@1.0.1
80 silly idealTree │ ├── promise@2.0.0
80 silly idealTree │ ├── source-map@0.1.43
80 silly idealTree │ └── uglify-js@2.2.5
80 silly idealTree ├── tryor@0.1.2
80 silly idealTree ├── tunnel-agent@0.4.3
80 silly idealTree ├── tweetnacl@0.13.3
80 silly idealTree ├─┬ twilio@3.0.0-rc.5
80 silly idealTree │ ├── asap@2.0.4
80 silly idealTree │ ├── bl@1.0.3
80 silly idealTree │ ├── isarray@1.0.0
80 silly idealTree │ ├── jsonwebtoken@5.4.1
80 silly idealTree │ ├── lodash@4.0.0
80 silly idealTree │ ├── q@2.0.3
80 silly idealTree │ ├── qs@5.2.1
80 silly idealTree │ ├── readable-stream@2.0.6
80 silly idealTree │ ├── request@2.67.0
80 silly idealTree │ ├── scmp@0.0.3
80 silly idealTree │ └── tough-cookie@2.2.2
80 silly idealTree ├── type-check@0.3.2
80 silly idealTree ├── type-is@1.6.13
80 silly idealTree ├── typedarray@0.0.6
80 silly idealTree ├─┬ uglify-js@2.7.3
80 silly idealTree │ └── source-map@0.5.6
80 silly idealTree ├── uglify-to-browserify@1.0.2
80 silly idealTree ├── uid2@0.0.3
80 silly idealTree ├── undefsafe@0.0.3
80 silly idealTree ├── underscore@1.7.0
80 silly idealTree ├── unpipe@1.0.0
80 silly idealTree ├── update-notifier@0.5.0
80 silly idealTree ├── util-deprecate@1.0.2
80 silly idealTree ├── utils-merge@1.0.0
80 silly idealTree ├── uuid@2.0.2
80 silly idealTree ├── vary@1.0.1
80 silly idealTree ├── verror@1.3.6
80 silly idealTree ├── void-elements@2.0.1
80 silly idealTree ├── weak-map@1.0.5
80 silly idealTree ├── window-size@0.1.0
80 silly idealTree ├─┬ with@4.0.3
80 silly idealTree │ └── acorn@1.2.2
80 silly idealTree ├── wordwrap@0.0.3
80 silly idealTree ├── wrappy@1.0.2
80 silly idealTree ├── write-file-atomic@1.2.0
80 silly idealTree ├── xdg-basedir@2.0.0
80 silly idealTree ├── xregexp@2.0.0
80 silly idealTree ├── xtend@4.0.1
80 silly idealTree ├── y18n@3.2.1
80 silly idealTree └── yargs@3.10.0
81 silly generateActionsToTake Starting
82 silly install generateActionsToTake
83 silly generateActionsToTake Finishing
84 silly diffTrees action count 1
85 silly diffTrees add ng-image-input-with-preview@0.0.5
86 silly decomposeActions action count 8
87 silly decomposeActions fetch ng-image-input-with-preview@0.0.5
88 silly decomposeActions extract ng-image-input-with-preview@0.0.5
89 silly decomposeActions test ng-image-input-with-preview@0.0.5
90 silly decomposeActions preinstall ng-image-input-with-preview@0.0.5
91 silly decomposeActions build ng-image-input-with-preview@0.0.5
92 silly decomposeActions install ng-image-input-with-preview@0.0.5
93 silly decomposeActions postinstall ng-image-input-with-preview@0.0.5
94 silly decomposeActions finalize ng-image-input-with-preview@0.0.5
95 silly executeActions Starting
96 silly install executeActions
97 silly doSerial global-install 0
98 silly doParallel fetch 1
99 verbose correctMkdir /home/our/.npm/_locks correctMkdir not in flight; initializing
100 verbose lock using /home/our/.npm/_locks/staging-ef8ae5bfeca916a8.lock for /home/our/documents/try/node_modules/.staging
101 silly doParallel extract 1
102 silly extract ng-image-input-with-preview@0.0.5
103 verbose unbuild node_modules/.staging/ng-image-input-with-preview-fb06f29f
104 silly gentlyRm /home/our/documents/try/node_modules/.staging/ng-image-input-with-preview-fb06f29f is being purged from base /home/our/documents/try
105 verbose gentlyRm don't care about contents; nuking /home/our/documents/try/node_modules/.staging/ng-image-input-with-preview-fb06f29f
106 verbose tar unpack /home/our/.npm/ng-image-input-with-preview/0.0.5/package.tgz
107 verbose tar unpacking to /home/our/documents/try/node_modules/.staging/ng-image-input-with-preview-fb06f29f
108 silly gentlyRm /home/our/documents/try/node_modules/.staging/ng-image-input-with-preview-fb06f29f is being purged
109 verbose gentlyRm don't care about contents; nuking /home/our/documents/try/node_modules/.staging/ng-image-input-with-preview-fb06f29f
110 silly gunzTarPerm modes [ '775', '664' ]
111 silly gunzTarPerm extractEntry package.json
112 silly gunzTarPerm modified mode [ 'package.json', 420, 436 ]
113 silly gunzTarPerm extractEntry .npmignore
114 silly gunzTarPerm modified mode [ '.npmignore', 420, 436 ]
115 silly gunzTarPerm extractEntry README.md
116 silly gunzTarPerm modified mode [ 'README.md', 420, 436 ]
117 silly gunzTarPerm extractEntry LICENSE
118 silly gunzTarPerm modified mode [ 'LICENSE', 420, 436 ]
119 silly gunzTarPerm extractEntry Gruntfile.js
120 silly gunzTarPerm modified mode [ 'Gruntfile.js', 420, 436 ]
121 silly gunzTarPerm extractEntry .jshintrc
122 silly gunzTarPerm modified mode [ '.jshintrc', 420, 436 ]
123 silly gunzTarPerm extractEntry bower.json
124 silly gunzTarPerm modified mode [ 'bower.json', 420, 436 ]
125 silly gunzTarPerm extractEntry .travis.yml
126 silly gunzTarPerm modified mode [ '.travis.yml', 420, 436 ]
127 silly gunzTarPerm extractEntry demo/app.js
128 silly gunzTarPerm modified mode [ 'demo/app.js', 420, 436 ]
129 silly gunzTarPerm extractEntry demo/index.html
130 silly gunzTarPerm modified mode [ 'demo/index.html', 420, 436 ]
131 silly gunzTarPerm extractEntry demo/style.less
132 silly gunzTarPerm modified mode [ 'demo/style.less', 420, 436 ]
133 silly gunzTarPerm extractEntry dist/ng-image-input-with-preview.js
134 silly gunzTarPerm modified mode [ 'dist/ng-image-input-with-preview.js', 420, 436 ]
135 silly gunzTarPerm extractEntry dist/ng-image-input-with-preview.min.js
136 silly gunzTarPerm modified mode [ 'dist/ng-image-input-with-preview.min.js', 420, 436 ]
137 silly gunzTarPerm extractEntry dist/ng-image-input-with-preview.css
138 silly gunzTarPerm modified mode [ 'dist/ng-image-input-with-preview.css', 420, 436 ]
139 silly gunzTarPerm extractEntry dist/ng-image-input-with-preview.min.css
140 silly gunzTarPerm modified mode [ 'dist/ng-image-input-with-preview.min.css', 420, 436 ]
141 silly gunzTarPerm extractEntry tasks/files.js
142 silly gunzTarPerm modified mode [ 'tasks/files.js', 420, 436 ]
143 silly gunzTarPerm extractEntry tasks/helpers.js
144 silly gunzTarPerm modified mode [ 'tasks/helpers.js', 420, 436 ]
145 silly gunzTarPerm extractEntry tasks/options/bump.js
146 silly gunzTarPerm modified mode [ 'tasks/options/bump.js', 420, 436 ]
147 silly gunzTarPerm extractEntry tasks/options/coveralls.js
148 silly gunzTarPerm modified mode [ 'tasks/options/coveralls.js', 420, 436 ]
149 silly gunzTarPerm extractEntry tasks/options/jshint.js
150 silly gunzTarPerm modified mode [ 'tasks/options/jshint.js', 420, 436 ]
151 silly gunzTarPerm extractEntry tasks/options/karma.js
152 silly gunzTarPerm modified mode [ 'tasks/options/karma.js', 420, 436 ]
153 silly gunzTarPerm extractEntry tasks/options/connect.js
154 silly gunzTarPerm modified mode [ 'tasks/options/connect.js', 420, 436 ]
155 silly gunzTarPerm extractEntry tasks/options/ngAnnotate.js
156 silly gunzTarPerm modified mode [ 'tasks/options/ngAnnotate.js', 420, 436 ]
157 silly gunzTarPerm extractEntry tasks/options/npm-contributors.js
158 silly gunzTarPerm modified mode [ 'tasks/options/npm-contributors.js', 420, 436 ]
159 silly gunzTarPerm extractEntry tasks/options/parallel.js
160 silly gunzTarPerm modified mode [ 'tasks/options/parallel.js', 420, 436 ]
161 silly gunzTarPerm extractEntry tasks/options/shell.js
162 silly gunzTarPerm modified mode [ 'tasks/options/shell.js', 420, 436 ]
163 silly gunzTarPerm extractEntry tasks/options/uglify.js
164 silly gunzTarPerm modified mode [ 'tasks/options/uglify.js', 420, 436 ]
165 silly gunzTarPerm extractEntry tasks/options/concat.js
166 silly gunzTarPerm modified mode [ 'tasks/options/concat.js', 420, 436 ]
167 silly gunzTarPerm extractEntry tasks/options/watch.js
168 silly gunzTarPerm modified mode [ 'tasks/options/watch.js', 420, 436 ]
169 silly gunzTarPerm extractEntry tasks/options/less.js
170 silly gunzTarPerm modified mode [ 'tasks/options/less.js', 420, 436 ]
171 silly gunzTarPerm extractEntry tasks/templates/banner-min.tpl
172 silly gunzTarPerm modified mode [ 'tasks/templates/banner-min.tpl', 420, 436 ]
173 silly gunzTarPerm extractEntry tasks/templates/banner.tpl
174 silly gunzTarPerm modified mode [ 'tasks/templates/banner.tpl', 420, 436 ]
175 silly gunzTarPerm extractEntry tasks/templates/wrap-bottom.tpl
176 silly gunzTarPerm modified mode [ 'tasks/templates/wrap-bottom.tpl', 420, 436 ]
177 silly gunzTarPerm extractEntry tasks/templates/wrap-top.tpl
178 silly gunzTarPerm modified mode [ 'tasks/templates/wrap-top.tpl', 420, 436 ]
179 silly gunzTarPerm extractEntry src/js/fileReader.service.js
180 silly gunzTarPerm modified mode [ 'src/js/fileReader.service.js', 420, 436 ]
181 silly gunzTarPerm extractEntry src/js/imageWithPreview.directive.js
182 silly gunzTarPerm modified mode [ 'src/js/imageWithPreview.directive.js', 420, 436 ]
183 silly gunzTarPerm extractEntry src/less/style.less
184 silly gunzTarPerm modified mode [ 'src/less/style.less', 420, 436 ]
185 silly gunzTarPerm extractEntry test/unit/SpecHelper.js
186 silly gunzTarPerm modified mode [ 'test/unit/SpecHelper.js', 420, 436 ]
187 silly gunzTarPerm extractEntry test/unit/imageWithPreview.directiveSpec.js
188 silly gunzTarPerm modified mode [ 'test/unit/imageWithPreview.directiveSpec.js', 420, 436 ]
189 silly gunzTarPerm extractEntry test/unit/setupSpec.js
190 silly gunzTarPerm modified mode [ 'test/unit/setupSpec.js', 420, 436 ]
191 silly gentlyRm /home/our/documents/try/node_modules/.staging/ng-image-input-with-preview-fb06f29f/node_modules is being purged
192 verbose gentlyRm don't care about contents; nuking /home/our/documents/try/node_modules/.staging/ng-image-input-with-preview-fb06f29f/node_modules
193 silly doParallel preinstall 1
194 silly preinstall ng-image-input-with-preview@0.0.5 /home/our/documents/try/node_modules/.staging/ng-image-input-with-preview-fb06f29f
195 info lifecycle ng-image-input-with-preview@0.0.5~preinstall: ng-image-input-with-preview@0.0.5
196 silly lifecycle ng-image-input-with-preview@0.0.5~preinstall: no script for preinstall, continuing
197 silly doReverseSerial remove 0
198 silly doSerial move 0
199 silly doSerial finalize 1
200 silly finalize /home/our/documents/try/node_modules/ng-image-input-with-preview
201 silly doSerial build 1
202 silly build ng-image-input-with-preview@0.0.5
203 info linkStuff ng-image-input-with-preview@0.0.5
204 silly linkStuff ng-image-input-with-preview@0.0.5 has /home/our/documents/try/node_modules as its parent node_modules
205 verbose linkBins ng-image-input-with-preview@0.0.5
206 verbose linkMans ng-image-input-with-preview@0.0.5
207 silly doSerial global-link 0
208 silly doParallel update-linked 0
209 silly doSerial install 1
210 silly install ng-image-input-with-preview@0.0.5 /home/our/documents/try/node_modules/.staging/ng-image-input-with-preview-fb06f29f
211 info lifecycle ng-image-input-with-preview@0.0.5~install: ng-image-input-with-preview@0.0.5
212 silly lifecycle ng-image-input-with-preview@0.0.5~install: no script for install, continuing
213 silly doSerial postinstall 1
214 silly postinstall ng-image-input-with-preview@0.0.5 /home/our/documents/try/node_modules/.staging/ng-image-input-with-preview-fb06f29f
215 info lifecycle ng-image-input-with-preview@0.0.5~postinstall: ng-image-input-with-preview@0.0.5
216 verbose lifecycle ng-image-input-with-preview@0.0.5~postinstall: unsafe-perm in lifecycle true
217 verbose lifecycle ng-image-input-with-preview@0.0.5~postinstall: PATH: /usr/lib/node_modules/npm/bin/node-gyp-bin:/home/our/documents/try/node_modules/ng-image-input-with-preview/node_modules/.bin:/home/our/documents/try/node_modules/.bin:/usr/bin:/usr/local/heroku/bin:/usr/local/sbin:/usr/local/bin:/usr/sbin:/usr/bin:/sbin:/bin:/usr/games:/usr/local/games:/snap/bin:/home/our/bin:/usr/share/doc/openjdk-7-jre-headless/bin
218 verbose lifecycle ng-image-input-with-preview@0.0.5~postinstall: CWD: /home/our/documents/try/node_modules/ng-image-input-with-preview
219 silly lifecycle ng-image-input-with-preview@0.0.5~postinstall: Args: [ '-c',
219 silly lifecycle   'bower install && ln -sf ./node_modules/grunt-cli/bin/grunt ./grunt && ./grunt build' ]
220 info lifecycle ng-image-input-with-preview@0.0.5~postinstall: Failed to exec postinstall script
221 verbose unlock done using /home/our/.npm/_locks/staging-ef8ae5bfeca916a8.lock for /home/our/documents/try/node_modules/.staging
222 silly rollbackFailedOptional Starting
223 silly rollbackFailedOptional Finishing
224 silly runTopLevelLifecycles Starting
225 silly runTopLevelLifecycles Finishing
226 silly install printInstalled
227 warn optional Skipping failed optional dependency /chokidar/fsevents:
228 warn notsup Not compatible with your operating system or architecture: fsevents@1.0.14
229 warn angular-material@1.1.1 requires a peer of angular@>=1.3 <1.6 but none was installed.
230 warn angular-material@1.1.1 requires a peer of angular-animate@>=1.3 <1.6 but none was installed.
231 verbose stack Error: ng-image-input-with-preview@0.0.5 postinstall: `bower install && ln -sf ./node_modules/grunt-cli/bin/grunt ./grunt && ./grunt build`
231 verbose stack spawn ENOENT
231 verbose stack     at ChildProcess.<anonymous> (/usr/lib/node_modules/npm/lib/utils/spawn.js:33:16)
231 verbose stack     at emitTwo (events.js:106:13)
231 verbose stack     at ChildProcess.emit (events.js:191:7)
231 verbose stack     at maybeClose (internal/child_process.js:852:16)
231 verbose stack     at Process.ChildProcess._handle.onexit (internal/child_process.js:215:5)
232 verbose pkgid ng-image-input-with-preview@0.0.5
233 verbose cwd /home/our/documents/try
234 error Linux 4.4.0-38-generic
235 error argv "/usr/bin/nodejs" "/usr/bin/npm" "install" "--save" "ng-image-input-with-preview"
236 error node v6.3.1
237 error npm  v3.10.3
238 error file sh
239 error code ELIFECYCLE
240 error errno ENOENT
241 error syscall spawn
242 error ng-image-input-with-preview@0.0.5 postinstall: `bower install && ln -sf ./node_modules/grunt-cli/bin/grunt ./grunt && ./grunt build`
242 error spawn ENOENT
243 error Failed at the ng-image-input-with-preview@0.0.5 postinstall script 'bower install && ln -sf ./node_modules/grunt-cli/bin/grunt ./grunt && ./grunt build'.
243 error Make sure you have the latest version of node.js and npm installed.
243 error If you do, this is most likely a problem with the ng-image-input-with-preview package,
243 error not with npm itself.
243 error Tell the author that this fails on your system:
243 error     bower install && ln -sf ./node_modules/grunt-cli/bin/grunt ./grunt && ./grunt build
243 error You can get information on how to open an issue for this project with:
243 error     npm bugs ng-image-input-with-preview
243 error Or if that isn't available, you can get their info via:
243 error     npm owner ls ng-image-input-with-preview
243 error There is likely additional logging output above.
244 verbose exit [ 1, true ]
